Using pre-set license
Built from '2020.2/release' branch; Version is '2020.2.2f1 (068178b99f32) revision 426360'; Using compiler version '192528614'; Build Type 'Release'
OS: 'Windows 10 Pro; OS build 21370.1; Version 2009; 64bit' Language: 'en' Physical Memory: 16239 MB
BatchMode: 1, IsHumanControllingUs: 0, StartBugReporterOnCrash: 0, Is64bit: 1, IsPro: 0

 COMMAND LINE ARGUMENTS:
D:\SetUp\Unity\2020.2.2f1\Editor\Unity.exe
-adb2
-batchMode
-noUpm
-name
AssetImportWorker0
-projectPath
E:/Ly_Thuyet_Tro_Choi/BTL/SMB-BTLGame
-logFile
Logs/AssetImportWorker0.log
-srvPort
51085
Successfully changed project path to: E:/Ly_Thuyet_Tro_Choi/BTL/SMB-BTLGame
E:/Ly_Thuyet_Tro_Choi/BTL/SMB-BTLGame
Using Asset Import Pipeline V2.
Refreshing native plugins compatible for Editor in 51.12 ms, found 1 plugins.
Preloading 0 native plugins for Editor in 0.00 ms.
Initialize engine version: 2020.2.2f1 (068178b99f32)
[Subsystems] Discovering subsystems at path D:/SetUp/Unity/2020.2.2f1/Editor/Data/Resources/UnitySubsystems
[Subsystems] Discovering subsystems at path E:/Ly_Thuyet_Tro_Choi/BTL/SMB-BTLGame/Assets
GfxDevice: creating device client; threaded=0
Direct3D:
    Version:  Direct3D 11.0 [level 11.1]
    Renderer: NVIDIA GeForce GTX 1050 (ID=0x1c8d)
    Vendor:   
    VRAM:     4021 MB
    Driver:   25.21.14.2546
Initialize mono
Mono path[0] = 'D:/SetUp/Unity/2020.2.2f1/Editor/Data/Managed'
Mono path[1] = 'D:/SetUp/Unity/2020.2.2f1/Editor/Data/MonoBleedingEdge/lib/mono/unityjit'
Mono config path = 'D:/SetUp/Unity/2020.2.2f1/Editor/Data/MonoBleedingEdge/etc'
Using monoOptions --debugger-agent=transport=dt_socket,embedding=1,server=y,suspend=n,address=127.0.0.1:56696
Begin MonoManager ReloadAssembly
Registering precompiled unity dll's ...
Register platform support module: D:/SetUp/Unity/2020.2.2f1/Editor/Data/PlaybackEngines/WindowsStandaloneSupport/UnityEditor.WindowsStandalone.Extensions.dll
Registered in 0.001445 seconds.
Native extension for WindowsStandalone target not found
Refreshing native plugins compatible for Editor in 42.06 ms, found 1 plugins.
Preloading 0 native plugins for Editor in 0.00 ms.
Invoked RoslynAnalysisRunner static constructor.
RoslynAnalysisRunner will not be running.
RoslynAnalysisRunner has terminated.
Mono: successfully reloaded assembly
- Completed reload, in  1.164 seconds
Platform modules already initialized, skipping
Registering precompiled user dll's ...
Registered in 0.000897 seconds.
Begin MonoManager ReloadAssembly
Native extension for WindowsStandalone target not found
Refreshing native plugins compatible for Editor in 43.28 ms, found 1 plugins.
Preloading 0 native plugins for Editor in 0.00 ms.
Invoked RoslynAnalysisRunner static constructor.
RoslynAnalysisRunner will not be running.
RoslynAnalysisRunner has terminated.
Mono: successfully reloaded assembly
- Completed reload, in  1.379 seconds
Platform modules already initialized, skipping
========================================================================
Worker process is ready to serve import requests
Launched and connected shader compiler UnityShaderCompiler.exe after 0.09 seconds
Refreshing native plugins compatible for Editor in 0.81 ms, found 1 plugins.
Preloading 0 native plugins for Editor in 0.00 ms.
Unloading 1813 Unused Serialized files (Serialized files now loaded: 0)
System memory in use before: 84.8 MB.
System memory in use after: 84.9 MB.

Unloading 19 unused Assets to reduce memory usage. Loaded Objects now: 2262.
Total: 3.003800 ms (FindLiveObjects: 0.289600 ms CreateObjectMapping: 0.105000 ms MarkObjects: 2.468900 ms  DeleteObjects: 0.138100 ms)

========================================================================
Received Import Request.
  path: Assets/Prefabs/Moving.prefab
  artifactKey: Guid(54e6b280ce044ce40972bc8c29f456ff) Importer(815301076,1909f56bfc062723c751e8b465ee728b)
Start importing Assets/Prefabs/Moving.prefab using Guid(54e6b280ce044ce40972bc8c29f456ff) Importer(815301076,1909f56bfc062723c751e8b465ee728b)  -> (artifact id: '5182e14730bbe3276e8ff963878ba656') in 0.306892 seconds
  Import took 0.313099 seconds .

========================================================================
Received Import Request.
  Time since last request: 0.000602 seconds.
  path: Assets/Prefabs/player.prefab
  artifactKey: Guid(b03a5e28d3cc1ba4eae49e9a588c4ea8) Importer(815301076,1909f56bfc062723c751e8b465ee728b)
Start importing Assets/Prefabs/player.prefab using Guid(b03a5e28d3cc1ba4eae49e9a588c4ea8) Importer(815301076,1909f56bfc062723c751e8b465ee728b)  -> (artifact id: '7cc3cf4207a5b3ac7eb6dcbe9317dea3') in 0.046225 seconds
  Import took 0.052468 seconds .

========================================================================
Received Import Request.
  Time since last request: 0.000463 seconds.
  path: Assets/Prefabs/Sound.prefab
  artifactKey: Guid(2033d7a9e5e6f1742beb55d20b35b8e4) Importer(815301076,1909f56bfc062723c751e8b465ee728b)
Start importing Assets/Prefabs/Sound.prefab using Guid(2033d7a9e5e6f1742beb55d20b35b8e4) Importer(815301076,1909f56bfc062723c751e8b465ee728b)  -> (artifact id: 'de2946ed42a02b43e156e51d8acca7f8') in 0.030595 seconds
  Import took 0.036638 seconds .

========================================================================
Received Import Request.
  Time since last request: 0.000467 seconds.
  path: Assets/Prefabs/player.prefab
  artifactKey: Guid(b03a5e28d3cc1ba4eae49e9a588c4ea8) Importer(815301076,1909f56bfc062723c751e8b465ee728b)
Start importing Assets/Prefabs/player.prefab using Guid(b03a5e28d3cc1ba4eae49e9a588c4ea8) Importer(815301076,1909f56bfc062723c751e8b465ee728b)  -> (artifact id: '7cc3cf4207a5b3ac7eb6dcbe9317dea3') in 0.026036 seconds
  Import took 0.034233 seconds .

========================================================================
Received Import Request.
  Time since last request: 0.000509 seconds.
  path: Assets/Prefabs/Sound.prefab
  artifactKey: Guid(2033d7a9e5e6f1742beb55d20b35b8e4) Importer(815301076,1909f56bfc062723c751e8b465ee728b)
Start importing Assets/Prefabs/Sound.prefab using Guid(2033d7a9e5e6f1742beb55d20b35b8e4) Importer(815301076,1909f56bfc062723c751e8b465ee728b)  -> (artifact id: 'de2946ed42a02b43e156e51d8acca7f8') in 0.011841 seconds
  Import took 0.016956 seconds .

========================================================================
Received Import Request.
  Time since last request: 29.697157 seconds.
  path: Assets/Scenes/PlayGame.unity
  artifactKey: Guid(1e39d8711d89b404d92d10aa60fece84) Importer(815301076,1909f56bfc062723c751e8b465ee728b)
Start importing Assets/Scenes/PlayGame.unity using Guid(1e39d8711d89b404d92d10aa60fece84) Importer(815301076,1909f56bfc062723c751e8b465ee728b)  -> (artifact id: '23e0709e0fd0e9ef9e1b60907d95cdfa') in 0.019131 seconds
  Import took 0.023225 seconds .

========================================================================
Received Import Request.
  Time since last request: 0.030651 seconds.
  path: Assets/Scenes/PlayGame.unity
  artifactKey: Guid(1e39d8711d89b404d92d10aa60fece84) Importer(815301076,1909f56bfc062723c751e8b465ee728b)
Start importing Assets/Scenes/PlayGame.unity using Guid(1e39d8711d89b404d92d10aa60fece84) Importer(815301076,1909f56bfc062723c751e8b465ee728b)  -> (artifact id: '23e0709e0fd0e9ef9e1b60907d95cdfa') in 0.007867 seconds
  Import took 0.012738 seconds .

AssetImportWorkerClient::OnTransportError - code=2 error=End of file
